SF:lib/app/modules/users/data/models/user.model.dart
DA:4,3
DA:11,3
DA:19,4
DA:20,2
DA:21,2
DA:22,2
DA:23,2
DA:24,2
DA:25,2
DA:27,2
DA:28,1
DA:29,1
DA:30,1
DA:31,1
DA:32,1
DA:33,1
DA:35,2
DA:36,2
DA:37,2
DA:38,2
DA:39,2
DA:40,2
DA:41,2
DA:42,2
DA:45,1
DA:46,1
DA:47,1
DA:48,1
DA:49,1
DA:50,1
DA:51,1
LF:31
LH:31
end_of_record
SF:lib/app/modules/users/domain/entities/user.entity.dart
DA:12,6
DA:20,3
DA:21,12
LF:3
LH:3
end_of_record
SF:lib/app/modules/users/external/get_users.datasource.impl.dart
DA:8,1
DA:11,1
DA:13,1
DA:16,3
DA:17,1
DA:18,4
DA:20,1
LF:7
LH:7
end_of_record
SF:lib/app/shared/failures/failure_system.dart
DA:4,1
DA:7,5
LF:2
LH:2
end_of_record
SF:lib/app/app_controller.g.dart
DA:9,0
DA:22,0
LF:2
LH:0
end_of_record
SF:lib/app/modules/users/data/repositories/do_favorite_user.repository.impl.dart
DA:9,0
DA:11,0
DA:13,0
DA:14,0
DA:16,0
LF:5
LH:0
end_of_record
SF:lib/app/modules/users/data/repositories/get_search_users.repository.impl.dart
DA:9,0
DA:11,0
DA:14,0
DA:15,0
DA:17,0
LF:5
LH:0
end_of_record
SF:lib/app/modules/users/data/repositories/get_user.repository.impl.dart
DA:9,0
DA:11,0
DA:13,0
DA:14,0
DA:16,0
LF:5
LH:0
end_of_record
SF:lib/app/modules/users/data/repositories/get_users.repository.impl.dart
DA:9,1
DA:11,1
DA:13,3
DA:14,5
DA:16,1
LF:5
LH:5
end_of_record
SF:lib/app/modules/users/data/repositories/remove_favorite_user.repository.impl.dart
DA:7,0
DA:9,0
DA:11,0
DA:12,0
DA:14,0
LF:5
LH:0
end_of_record
SF:lib/app/modules/users/domain/usecases/do_favorite_user.usecase.impl.dart
DA:9,0
DA:11,0
DA:13,0
LF:3
LH:0
end_of_record
SF:lib/app/modules/users/domain/usecases/get_search_users.usecase.impl.dart
DA:9,0
DA:12,0
DA:14,0
LF:3
LH:0
end_of_record
SF:lib/app/modules/users/domain/usecases/get_user.usecase.impl.dart
DA:9,0
DA:11,0
DA:13,0
LF:3
LH:0
end_of_record
SF:lib/app/modules/users/domain/usecases/get_users.usecase.impl.dart
DA:9,1
DA:11,1
DA:13,2
LF:3
LH:3
end_of_record
SF:lib/app/modules/users/domain/usecases/remove_favorite_user.usecase.impl.dart
DA:7,0
DA:9,0
DA:11,0
LF:3
LH:0
end_of_record
SF:lib/app/modules/users/external/do_favorite_user.datasource.impl.dart
DA:7,0
DA:10,0
DA:12,0
DA:15,0
LF:4
LH:0
end_of_record
SF:lib/app/shared/helper/db_helper.dart
DA:7,0
DA:8,0
DA:9,0
DA:10,0
DA:11,0
DA:19,0
DA:20,0
DA:21,0
DA:23,0
DA:28,0
DA:29,0
DA:30,0
DA:31,0
DA:34,0
DA:35,0
DA:36,0
DA:39,0
LF:17
LH:0
end_of_record
SF:lib/app/modules/users/external/get_search_users.datasource.impl.dart
DA:8,0
DA:11,0
DA:14,0
DA:20,0
DA:21,0
DA:22,0
DA:24,0
LF:7
LH:0
end_of_record
SF:lib/app/modules/users/external/get_user.datasource.impl.dart
DA:8,0
DA:11,0
DA:12,0
DA:14,0
DA:15,0
DA:17,0
LF:6
LH:0
end_of_record
SF:lib/app/modules/users/external/remove_favorite_user.datasource.impl.dart
DA:6,0
DA:9,0
DA:11,0
DA:14,0
LF:4
LH:0
end_of_record
SF:lib/app/modules/users/presentation/controllers/user_detail_controller.dart
DA:21,0
DA:27,0
DA:28,0
DA:33,0
DA:34,0
DA:39,0
DA:40,0
DA:45,0
DA:46,0
DA:47,0
DA:48,0
DA:49,0
DA:50,0
DA:51,0
DA:54,0
DA:55,0
DA:56,0
DA:57,0
DA:58,0
DA:59,0
DA:60,0
DA:65,0
DA:66,0
DA:67,0
DA:72,0
DA:76,0
DA:77,0
DA:78,0
DA:79,0
DA:80,0
DA:81,0
DA:82,0
DA:87,0
DA:88,0
DA:89,0
DA:94,0
DA:95,0
LF:37
LH:0
end_of_record
SF:lib/app/modules/users/presentation/controllers/user_detail_controller.g.dart
DA:9,3
DA:10,0
DA:11,0
DA:25,0
DA:27,0
DA:28,0
DA:31,0
DA:33,0
DA:34,0
DA:40,0
DA:42,0
DA:43,0
DA:46,0
DA:48,0
DA:49,0
DA:55,0
DA:57,0
DA:58,0
DA:61,0
DA:63,0
DA:64,0
DA:71,0
DA:73,0
DA:74,0
DA:76,0
DA:78,0
DA:82,0
DA:84,0
DA:85,0
DA:87,0
DA:89,0
DA:93,0
DA:95,0
DA:96,0
DA:98,0
DA:100,0
DA:104,0
DA:107,0
DA:108,0
DA:109,0
DA:110,0
LF:41
LH:1
end_of_record
SF:lib/app/shared/widgets/alert_system.widget.dart
DA:8,0
DA:18,0
DA:19,0
DA:20,0
DA:21,0
DA:24,0
DA:25,0
DA:26,0
DA:27,0
DA:28,0
DA:29,0
DA:31,0
DA:32,0
DA:35,0
DA:36,0
DA:37,0
DA:38,0
DA:39,0
DA:40,0
DA:41,0
DA:42,0
DA:43,0
DA:44,0
DA:45,0
DA:46,0
DA:48,0
DA:49,0
DA:50,0
DA:51,0
DA:52,0
DA:53,0
DA:54,0
DA:55,0
DA:56,0
DA:57,0
DA:59,0
DA:61,0
DA:69,0
DA:70,0
DA:71,0
DA:72,0
DA:73,0
DA:74,0
DA:75,0
DA:77,0
DA:79,0
DA:84,0
DA:85,0
DA:92,0
DA:103,0
DA:105,0
LF:51
LH:0
end_of_record
SF:lib/app/modules/users/presentation/controllers/users_controller.g.dart
DA:9,3
DA:10,0
DA:24,2
DA:26,4
DA:27,2
DA:30,2
DA:32,8
DA:33,2
DA:40,2
DA:42,4
DA:43,2
DA:46,2
DA:48,8
DA:49,2
DA:55,2
DA:57,4
DA:58,2
DA:61,2
DA:63,8
DA:64,2
DA:70,2
DA:72,4
DA:73,2
DA:76,2
DA:78,8
DA:79,2
DA:86,2
DA:88,4
DA:91,2
DA:93,4
DA:97,2
DA:99,4
DA:102,2
DA:104,4
DA:108,2
DA:110,4
DA:113,2
DA:115,4
DA:119,2
DA:121,4
DA:124,2
DA:126,4
DA:130,0
DA:133,0
DA:134,0
DA:135,0
DA:136,0
DA:137,0
LF:48
LH:41
end_of_record
SF:lib/app/modules/users/presentation/controllers/users_controller.dart
DA:14,2
DA:19,2
DA:20,2
DA:25,2
DA:26,2
DA:31,2
DA:32,2
DA:37,2
DA:38,2
DA:44,2
DA:45,2
DA:46,4
DA:47,2
DA:48,2
DA:50,1
DA:51,1
DA:55,2
DA:56,2
DA:57,2
DA:58,0
DA:60,2
DA:64,2
DA:65,4
DA:66,4
DA:67,2
DA:68,2
DA:70,1
DA:72,6
DA:73,6
DA:74,2
DA:75,2
DA:76,3
DA:77,2
DA:78,1
DA:80,2
DA:81,4
DA:82,2
DA:84,2
DA:85,2
DA:87,4
DA:91,1
DA:92,2
DA:93,1
DA:94,1
DA:96,1
DA:98,5
DA:99,1
DA:100,1
DA:101,2
DA:102,2
DA:103,1
DA:105,1
DA:106,2
DA:107,1
DA:109,2
DA:110,2
DA:112,2
LF:57
LH:56
end_of_record
SF:lib/app/modules/users/presentation/pages/user_detail.page.dart
DA:15,0
DA:17,0
DA:18,0
DA:23,0
DA:25,0
DA:26,0
DA:27,0
DA:28,0
DA:30,0
DA:31,0
DA:32,0
DA:34,0
DA:37,0
DA:39,0
DA:40,0
DA:43,0
DA:44,0
DA:45,0
DA:46,0
DA:47,0
DA:48,0
DA:49,0
DA:50,0
DA:51,0
DA:54,0
DA:55,0
DA:56,0
DA:57,0
DA:58,0
DA:61,0
DA:62,0
DA:63,0
DA:64,0
DA:66,0
DA:70,0
DA:71,0
DA:77,0
DA:78,0
DA:79,0
DA:80,0
DA:81,0
DA:82,0
DA:83,0
DA:84,0
DA:85,0
DA:86,0
DA:87,0
DA:88,0
DA:89,0
DA:90,0
DA:91,0
DA:92,0
DA:93,0
DA:94,0
DA:95,0
DA:97,0
DA:98,0
DA:99,0
DA:100,0
DA:101,0
DA:103,0
DA:104,0
DA:106,0
DA:107,0
DA:109,0
DA:110,0
DA:112,0
DA:113,0
DA:118,0
DA:119,0
DA:121,0
DA:122,0
DA:123,0
DA:124,0
DA:126,0
DA:127,0
DA:128,0
DA:129,0
DA:130,0
DA:132,0
DA:133,0
DA:138,0
DA:139,0
DA:140,0
DA:141,0
DA:142,0
DA:143,0
DA:145,0
DA:147,0
LF:89
LH:0
end_of_record
SF:lib/app/modules/users/presentation/widgets/user_detail_item.widget.dart
DA:15,0
DA:23,0
DA:25,0
DA:26,0
DA:27,0
DA:28,0
DA:30,0
DA:31,0
DA:32,0
DA:33,0
DA:34,0
DA:35,0
DA:37,0
DA:38,0
DA:39,0
DA:40,0
DA:41,0
DA:42,0
DA:43,0
DA:44,0
DA:45,0
DA:47,0
DA:50,0
DA:51,0
DA:52,0
DA:53,0
DA:54,0
DA:56,0
DA:61,0
DA:62,0
DA:63,0
DA:69,0
DA:70,0
DA:71,0
DA:72,0
DA:73,0
DA:74,0
DA:75,0
DA:77,0
DA:79,0
DA:80,0
DA:81,0
DA:82,0
DA:83,0
DA:85,0
DA:87,0
DA:88,0
DA:90,0
DA:92,0
DA:98,0
DA:99,0
DA:100,0
DA:101,0
DA:102,0
DA:103,0
DA:105,0
DA:106,0
DA:108,0
DA:110,0
DA:111,0
DA:112,0
DA:113,0
DA:114,0
DA:115,0
DA:117,0
LF:65
LH:0
end_of_record
SF:lib/app/shared/utils/colors.dart
DA:4,2
DA:5,0
DA:6,2
DA:7,0
DA:8,3
DA:9,0
LF:6
LH:3
end_of_record
SF:lib/app/shared/utils/constrains.dart
DA:6,1
DA:8,1
DA:10,1
DA:12,1
DA:14,1
DA:16,1
DA:18,0
DA:20,0
DA:22,0
DA:24,0
DA:30,1
DA:31,3
DA:34,0
DA:35,0
DA:38,0
DA:39,0
DA:43,5
LF:17
LH:9
end_of_record
SF:lib/app/shared/utils/fonts.dart
DA:3,1
DA:5,1
DA:7,1
DA:9,1
DA:11,1
DA:13,1
DA:15,1
DA:18,1
DA:25,5
LF:9
LH:9
end_of_record
SF:lib/app/modules/users/presentation/pages/users.page.dart
DA:16,2
DA:18,1
DA:19,1
DA:30,1
DA:32,3
DA:33,2
DA:34,1
DA:37,1
DA:39,2
DA:40,2
DA:41,1
DA:44,0
DA:45,0
DA:46,0
DA:48,0
DA:49,0
DA:53,1
DA:55,1
DA:56,1
DA:57,1
DA:58,0
DA:59,0
DA:60,0
DA:61,0
DA:62,0
DA:65,4
DA:68,1
DA:69,2
DA:70,2
DA:71,1
DA:72,1
DA:73,1
DA:74,1
DA:75,1
DA:78,1
DA:80,1
DA:82,1
DA:86,1
DA:87,1
DA:88,1
DA:91,1
DA:92,1
DA:93,1
DA:94,1
DA:95,1
DA:96,1
DA:97,1
DA:98,1
DA:100,1
DA:101,1
DA:103,1
DA:105,1
DA:107,1
DA:109,1
DA:114,1
DA:115,1
DA:116,2
DA:117,1
DA:118,1
DA:119,4
DA:120,2
DA:129,1
DA:130,2
DA:131,2
DA:132,1
DA:133,2
DA:134,1
DA:135,1
DA:136,3
DA:137,1
DA:138,1
DA:139,2
DA:140,1
DA:141,4
DA:142,1
DA:143,1
DA:144,1
DA:145,1
DA:147,1
DA:149,1
DA:150,1
DA:151,1
DA:152,4
DA:153,1
DA:154,1
DA:155,1
DA:156,0
DA:158,0
DA:159,0
DA:160,0
DA:161,0
DA:164,1
DA:165,1
DA:166,1
DA:168,1
DA:174,1
DA:175,1
DA:176,1
DA:177,1
DA:178,2
DA:179,1
DA:180,2
DA:182,1
DA:184,2
DA:188,1
DA:189,2
DA:190,2
DA:191,1
DA:192,1
DA:193,1
DA:196,1
DA:197,1
DA:198,2
DA:199,2
DA:202,1
LF:115
LH:100
end_of_record
SF:lib/app/modules/users/presentation/widgets/user_item.widget.dart
DA:11,1
DA:13,1
DA:15,1
DA:16,1
DA:17,1
DA:18,1
DA:20,1
DA:21,1
DA:22,1
DA:23,1
DA:24,1
DA:25,0
DA:26,1
DA:27,1
DA:28,1
DA:29,1
DA:30,2
DA:31,1
DA:32,1
DA:34,1
DA:37,1
DA:38,1
DA:39,1
DA:40,1
DA:41,1
DA:43,2
DA:48,2
DA:49,1
DA:50,1
DA:51,1
DA:52,1
DA:53,1
DA:54,1
DA:55,1
DA:56,1
DA:58,1
DA:61,2
LF:37
LH:36
end_of_record
SF:lib/app/modules/users/users_module.dart
DA:32,0
DA:33,0
DA:34,0
DA:35,0
DA:36,0
DA:37,0
DA:38,0
DA:39,0
DA:40,0
DA:41,0
DA:42,0
DA:43,0
DA:44,0
DA:45,0
DA:46,0
DA:51,0
DA:52,0
LF:17
LH:0
end_of_record
